{"name": "test_enter_user_and_buy_iphone13pro", "status": "failed", "statusDetails": {"message": "AssertionError", "trace": "set_up = None\n\n    @pytest.mark.run(order=10)\n    @allure.description(\"test enter user and buy iphone13pro\")\n    def test_enter_user_and_buy_iphone13pro(set_up):\n>       Main_Pages_class.enter_user_and_buy_iphone13pro()\n\ntests\\test_main_page.py:60: \n_ _ _ _ _ _ _ _ _ _ _ _ _ _ _ _ _ _ _ _ _ _ _ _ _ _ _ _ _ _ _ _ _ _ _ _ _ _ _ _ _ _ _ _ _ _ _ _ _ _ _ _ _ _ _ _ _ _ _ _ _ _ _ _ _ _ _ _ _ _ _ _ _ _ _ _ _ _ _ _ _ _ _ _ _ _ _ _ _ _ _ _\npages\\main_page.py:293: in enter_user_and_buy_iphone13pro\n    self.assert_current_url(self.url_purchase_step2)\n_ _ _ _ _ _ _ _ _ _ _ _ _ _ _ _ _ _ _ _ _ _ _ _ _ _ _ _ _ _ _ _ _ _ _ _ _ _ _ _ _ _ _ _ _ _ _ _ _ _ _ _ _ _ _ _ _ _ _ _ _ _ _ _ _ _ _ _ _ _ _ _ _ _ _ _ _ _ _ _ _ _ _ _ _ _ _ _ _ _ _ _\n\nself = <pages.main_page.MainPages object at 0x00000239ECFDBB80>, url = 'https://www.mvideo.ru/purchase/step2'\n\n    def assert_current_url(self, url):\n        time.sleep(2)\n>       assert self.driver.current_url == url\nE       AssertionError\n\nbase\\base_class.py:34: AssertionError"}, "description": "test enter user and buy iphone13pro", "steps": [{"name": "enter user and buy iphone13pro", "status": "failed", "statusDetails": {"message": "AssertionError\n", "trace": "  File \"C:\\Users\\satanavsarae\\PycharmProjects\\Auto_MVideo_single_test\\pages\\main_page.py\", line 293, in enter_user_and_buy_iphone13pro\n    self.assert_current_url(self.url_purchase_step2)\n  File \"C:\\Users\\satanavsarae\\PycharmProjects\\Auto_MVideo_single_test\\base\\base_class.py\", line 34, in assert_current_url\n    assert self.driver.current_url == url\n"}, "start": 1668443121263, "stop": 1668443159756}], "start": 1668443121263, "stop": 1668443159758, "uuid": "7e485c1c-cb06-441e-965c-5bc57d6cf22c", "historyId": "a8f10311e301cae5c5bf4dd2698b5bfc", "testCaseId": "d43f13ed3f765fc64b2fc3029354388a", "fullName": "tests.test_main_page#test_enter_user_and_buy_iphone13pro", "labels": [{"name": "tag", "value": "run(order=10)"}, {"name": "parentSuite", "value": "tests"}, {"name": "suite", "value": "test_main_page"}, {"name": "host", "value": "LAPTOP-Q3SB05RC"}, {"name": "thread", "value": "8292-MainThread"}, {"name": "framework", "value": "pytest"}, {"name": "language", "value": "cpython3"}, {"name": "package", "value": "tests.test_main_page"}]}